2025-04-02 14:19:37,815 - INFO - Calling fetch_google_sheets_docs.py...
2025-04-02 14:19:38,538 - INFO - fetch_google_sheets_docs.py executed successfully.
2025-04-02 14:19:38,538 - INFO - Sleeping for 300 seconds...

2025-04-02 14:22:16,642 - INFO - Calling fetch_google_sheets_docs.py...
2025-04-02 14:22:17,500 - INFO - fetch_google_sheets_docs.py executed successfully.
2025-04-02 14:22:17,500 - INFO - Sleeping for 300 seconds...

2025-04-02 14:23:04,603 - INFO - Calling fetch_google_sheets_docs.py...
2025-04-02 14:23:05,188 - INFO - fetch_google_sheets_docs.py executed successfully.
2025-04-02 14:23:05,189 - INFO - Sleeping for 300 seconds...

2025-04-02 14:28:05,189 - INFO - Calling fetch_google_sheets_docs.py...
2025-04-02 14:28:05,191 - INFO - fetch_google_sheets_docs.py executed successfully.
2025-04-02 14:28:05,191 - INFO - Sleeping for 300 seconds...

2025-04-02 14:33:05,192 - INFO - Calling fetch_google_sheets_docs.py...
2025-04-02 14:33:05,194 - INFO - fetch_google_sheets_docs.py executed successfully.
2025-04-02 14:33:05,194 - INFO - Sleeping for 300 seconds...

2025-04-02 15:11:55,335 - INFO - Calling fetch_google_sheets_docs.py...
2025-04-02 15:11:55,336 - INFO - fetch_google_sheets_docs.py executed successfully.
2025-04-02 15:11:55,337 - INFO - Sleeping for 300 seconds...

2025-04-02 16:42:43,419 - INFO - Calling fetch_google_sheets_docs.py...
2025-04-02 16:42:43,419 - INFO - fetch_google_sheets_docs.py executed successfully.
2025-04-02 16:42:43,421 - INFO - Sleeping for 300 seconds...

2025-04-02 17:10:36,975 - INFO - Calling fetch_google_sheets_docs.py...
2025-04-02 17:10:36,977 - INFO - fetch_google_sheets_docs.py executed successfully.
2025-04-02 17:10:36,978 - INFO - Sleeping for 300 seconds...

2025-04-02 19:34:59,831 - INFO - Calling fetch_google_sheets_docs.py...
2025-04-02 19:34:59,833 - INFO - fetch_google_sheets_docs.py executed successfully.
2025-04-02 19:34:59,836 - INFO - Sleeping for 300 seconds...

2025-04-02 19:42:24,956 - INFO - Calling fetch_google_sheets_docs.py...
2025-04-02 19:42:24,957 - INFO - fetch_google_sheets_docs.py executed successfully.
2025-04-02 19:42:24,958 - INFO - Sleeping for 300 seconds...

2025-04-02 19:47:24,959 - INFO - Calling fetch_google_sheets_docs.py...
2025-04-02 19:47:24,959 - INFO - fetch_google_sheets_docs.py executed successfully.
2025-04-02 19:47:24,959 - INFO - Sleeping for 300 seconds...

2025-04-02 19:52:24,960 - INFO - Calling fetch_google_sheets_docs.py...
2025-04-02 19:52:24,961 - INFO - fetch_google_sheets_docs.py executed successfully.
2025-04-02 19:52:24,961 - INFO - Sleeping for 300 seconds...

2025-04-02 19:57:24,962 - INFO - Calling fetch_google_sheets_docs.py...
2025-04-02 19:57:24,962 - INFO - fetch_google_sheets_docs.py executed successfully.
2025-04-02 19:57:24,983 - INFO - Sleeping for 300 seconds...

2025-04-02 20:09:21,134 - INFO - Calling fetch_google_sheets_docs.py...
2025-04-02 20:09:21,135 - INFO - fetch_google_sheets_docs.py executed successfully.
2025-04-02 20:09:21,135 - INFO - Sleeping for 300 seconds...

2025-04-02 20:12:21,453 - INFO - Calling fetch_google_sheets_docs.py...
2025-04-02 20:12:23,608 - INFO - fetch_google_sheets_docs.py executed successfully.
2025-04-02 20:12:23,608 - INFO - Sleeping for 300 seconds...

2025-04-02 20:14:33,043 - INFO - Calling fetch_google_sheets_docs.py...
2025-04-02 20:14:33,242 - ERROR - Error:
Traceback (most recent call last):
  File "C:\Users\Checkout\cron-job-service\scripts\fetch_google_sheets_docs.py", line 7, in <module>
    from googleapiclient.discovery import build
ModuleNotFoundError: No module named 'googleapiclient'

2025-04-02 20:14:33,242 - INFO - fetch_google_sheets_docs.py executed successfully.
2025-04-02 20:14:33,242 - INFO - Sleeping for 300 seconds...

2025-04-02 20:16:11,036 - INFO - Calling fetch_google_sheets_docs.py...
2025-04-02 20:16:11,275 - ERROR - Error:
Traceback (most recent call last):
  File "C:\Users\Checkout\cron-job-service\scripts\fetch_google_sheets_docs.py", line 7, in <module>
    from googleapiclient.discovery import build
ModuleNotFoundError: No module named 'googleapiclient'

2025-04-02 20:16:11,279 - INFO - fetch_google_sheets_docs.py executed successfully.
2025-04-02 20:16:11,280 - INFO - Sleeping for 300 seconds...

2025-04-02 20:17:44,342 - INFO - Calling fetch_google_sheets_docs.py...
2025-04-02 20:17:44,533 - ERROR - Error:
Traceback (most recent call last):
  File "C:\Users\Checkout\cron-job-service\scripts\fetch_google_sheets_docs.py", line 7, in <module>
    from googleapiclient.discovery import build
ModuleNotFoundError: No module named 'googleapiclient'

2025-04-02 20:17:44,535 - INFO - fetch_google_sheets_docs.py executed successfully.
2025-04-02 20:17:44,536 - INFO - Sleeping for 300 seconds...

2025-04-02 20:22:35,975 - INFO - Calling fetch_google_sheets_docs.py...
2025-04-02 20:22:36,295 - ERROR - Error:
Traceback (most recent call last):
  File "C:\Users\Checkout\cron-job-service\scripts\fetch_google_sheets_docs.py", line 7, in <module>
    from googleapiclient.discovery import build
ModuleNotFoundError: No module named 'googleapiclient'

2025-04-02 20:22:36,297 - INFO - fetch_google_sheets_docs.py executed successfully.
2025-04-02 20:22:36,297 - INFO - Sleeping for 300 seconds...

2025-04-02 20:33:52,389 - INFO - Calling fetch_google_sheets_docs.py...
2025-04-02 20:33:52,620 - ERROR - Error:
Traceback (most recent call last):
  File "C:\Users\Checkout\cron-job-service\scripts\fetch_google_sheets_docs.py", line 7, in <module>
    from googleapiclient.discovery import build
ModuleNotFoundError: No module named 'googleapiclient'

2025-04-02 20:33:52,621 - INFO - fetch_google_sheets_docs.py executed successfully.
2025-04-02 20:33:52,621 - INFO - Sleeping for 300 seconds...

2025-04-03 14:36:14,291 - INFO - Calling fetch_google_sheets_docs.py...
2025-04-03 14:36:14,374 - ERROR - Error:
python: can't open file 'C:\\Users\\Checkout\\cron-job-service\\scripts\\scripts\\fetch_google_sheets_docs.py': [Errno 2] No such file or directory

2025-04-03 14:36:14,375 - INFO - fetch_google_sheets_docs.py executed successfully.
2025-04-03 14:36:14,376 - INFO - Sleeping for 300 seconds...

2025-04-03 14:36:32,037 - INFO - Calling fetch_google_sheets_docs.py...
2025-04-03 14:36:32,261 - ERROR - Error:
Traceback (most recent call last):
  File "C:\Users\Checkout\cron-job-service\scripts\fetch_google_sheets_docs.py", line 7, in <module>
    from googleapiclient.discovery import build
ModuleNotFoundError: No module named 'googleapiclient'

2025-04-03 14:36:32,263 - INFO - fetch_google_sheets_docs.py executed successfully.
2025-04-03 14:36:32,263 - INFO - Sleeping for 300 seconds...

2025-04-03 15:02:46,304 - Calling fetch_google_sheets_docs.py...
2025-04-03 15:02:46,465 - Error output of fetch_google_sheets_docs.py:
Traceback (most recent call last):
  File "C:\Users\Checkout\cron-job-service\scripts\fetch_google_sheets_docs.py", line 7, in <module>
    from googleapiclient.discovery import build
ModuleNotFoundError: No module named 'googleapiclient'

2025-04-03 15:02:46,465 - fetch_google_sheets_docs.py executed successfully.
2025-04-03 15:02:46,465 - Sleeping for 300 seconds...

2025-04-03 15:03:08,464 - Calling fetch_google_sheets_docs.py...
2025-04-03 15:03:08,610 - Error output of fetch_google_sheets_docs.py:
Traceback (most recent call last):
  File "C:\Users\Checkout\cron-job-service\scripts\fetch_google_sheets_docs.py", line 7, in <module>
    from googleapiclient.discovery import build
ModuleNotFoundError: No module named 'googleapiclient'

2025-04-03 15:03:08,610 - fetch_google_sheets_docs.py executed successfully.
2025-04-03 15:03:08,611 - Sleeping for 300 seconds...

2025-04-03 15:03:33,079 - Calling fetch_google_sheets_docs.py...
2025-04-03 15:03:33,807 - fetch_google_sheets_docs.py executed successfully.
2025-04-03 15:03:33,808 - Sleeping for 300 seconds...

2025-04-03 15:04:52,199 - Calling fetch_google_sheets_docs.py...
2025-04-03 15:04:52,350 - Error output of fetch_google_sheets_docs.py:
Traceback (most recent call last):
  File "C:\Users\Checkout\cron-job-service\scripts\fetch_google_sheets_docs.py", line 7, in <module>
    from googleapiclient.discovery import build
ModuleNotFoundError: No module named 'googleapiclient'

2025-04-03 15:04:52,354 - fetch_google_sheets_docs.py executed successfully.
2025-04-03 15:04:52,354 - Sleeping for 300 seconds...

